<?xml version="1.0" encoding="UTF-8"?>
<testsuite xmlns:xsi="http://www.w3.org/2001/XMLSchema-instance" xsi:noNamespaceSchemaLocation="https://maven.apache.org/surefire/maven-surefire-plugin/xsd/surefire-test-report.xsd" name="taf.TestSuiteRunner" time="11.686" tests="4" errors="0" skipped="0" failures="0">
  <properties>
    <property name="java.specification.version" value="14"/>
    <property name="sun.jnu.encoding" value="UTF-8"/>
    <property name="java.class.path" value="/Users/Yuliya_Dzmitrovich/IdeaProjects/yuliya_dzmitrovich_maven_at_project/target/test-classes:/Users/Yuliya_Dzmitrovich/IdeaProjects/yuliya_dzmitrovich_maven_at_project/target/classes:/Users/Yuliya_Dzmitrovich/.m2/repository/org/apache/commons/commons-lang3/3.0/commons-lang3-3.0.jar:/Users/Yuliya_Dzmitrovich/.m2/repository/junit/junit/4.13.2/junit-4.13.2.jar:/Users/Yuliya_Dzmitrovich/.m2/repository/org/hamcrest/hamcrest-core/1.3/hamcrest-core-1.3.jar:/Users/Yuliya_Dzmitrovich/.m2/repository/org/seleniumhq/selenium/selenium-java/3.141.59/selenium-java-3.141.59.jar:/Users/Yuliya_Dzmitrovich/.m2/repository/org/seleniumhq/selenium/selenium-api/3.141.59/selenium-api-3.141.59.jar:/Users/Yuliya_Dzmitrovich/.m2/repository/org/seleniumhq/selenium/selenium-edge-driver/3.141.59/selenium-edge-driver-3.141.59.jar:/Users/Yuliya_Dzmitrovich/.m2/repository/org/seleniumhq/selenium/selenium-firefox-driver/3.141.59/selenium-firefox-driver-3.141.59.jar:/Users/Yuliya_Dzmitrovich/.m2/repository/org/seleniumhq/selenium/selenium-ie-driver/3.141.59/selenium-ie-driver-3.141.59.jar:/Users/Yuliya_Dzmitrovich/.m2/repository/org/seleniumhq/selenium/selenium-opera-driver/3.141.59/selenium-opera-driver-3.141.59.jar:/Users/Yuliya_Dzmitrovich/.m2/repository/org/seleniumhq/selenium/selenium-remote-driver/3.141.59/selenium-remote-driver-3.141.59.jar:/Users/Yuliya_Dzmitrovich/.m2/repository/org/seleniumhq/selenium/selenium-safari-driver/3.141.59/selenium-safari-driver-3.141.59.jar:/Users/Yuliya_Dzmitrovich/.m2/repository/org/seleniumhq/selenium/selenium-support/3.141.59/selenium-support-3.141.59.jar:/Users/Yuliya_Dzmitrovich/.m2/repository/net/bytebuddy/byte-buddy/1.8.15/byte-buddy-1.8.15.jar:/Users/Yuliya_Dzmitrovich/.m2/repository/org/apache/commons/commons-exec/1.3/commons-exec-1.3.jar:/Users/Yuliya_Dzmitrovich/.m2/repository/com/google/guava/guava/25.0-jre/guava-25.0-jre.jar:/Users/Yuliya_Dzmitrovich/.m2/repository/com/google/code/findbugs/jsr305/1.3.9/jsr305-1.3.9.jar:/Users/Yuliya_Dzmitrovich/.m2/repository/org/checkerframework/checker-compat-qual/2.0.0/checker-compat-qual-2.0.0.jar:/Users/Yuliya_Dzmitrovich/.m2/repository/com/google/errorprone/error_prone_annotations/2.1.3/error_prone_annotations-2.1.3.jar:/Users/Yuliya_Dzmitrovich/.m2/repository/com/google/j2objc/j2objc-annotations/1.1/j2objc-annotations-1.1.jar:/Users/Yuliya_Dzmitrovich/.m2/repository/org/codehaus/mojo/animal-sniffer-annotations/1.14/animal-sniffer-annotations-1.14.jar:/Users/Yuliya_Dzmitrovich/.m2/repository/com/squareup/okhttp3/okhttp/3.11.0/okhttp-3.11.0.jar:/Users/Yuliya_Dzmitrovich/.m2/repository/com/squareup/okio/okio/1.14.0/okio-1.14.0.jar:/Users/Yuliya_Dzmitrovich/.m2/repository/org/seleniumhq/selenium/selenium-server/3.141.59/selenium-server-3.141.59.jar:/Users/Yuliya_Dzmitrovich/.m2/repository/com/beust/jcommander/1.72/jcommander-1.72.jar:/Users/Yuliya_Dzmitrovich/.m2/repository/net/jcip/jcip-annotations/1.0/jcip-annotations-1.0.jar:/Users/Yuliya_Dzmitrovich/.m2/repository/org/seleniumhq/selenium/jetty-repacked/9.4.12.v20180830/jetty-repacked-9.4.12.v20180830.jar:/Users/Yuliya_Dzmitrovich/.m2/repository/javax/servlet/javax.servlet-api/3.1.0/javax.servlet-api-3.1.0.jar:/Users/Yuliya_Dzmitrovich/.m2/repository/org/yaml/snakeyaml/1.19/snakeyaml-1.19.jar:/Users/Yuliya_Dzmitrovich/.m2/repository/org/seleniumhq/selenium/selenium-chrome-driver/3.141.59/selenium-chrome-driver-3.141.59.jar:"/>
    <property name="java.vm.vendor" value="Oracle Corporation"/>
    <property name="sun.arch.data.model" value="64"/>
    <property name="java.vendor.url" value="https://java.oracle.com/"/>
    <property name="os.name" value="Mac OS X"/>
    <property name="java.vm.specification.version" value="14"/>
    <property name="sun.java.launcher" value="SUN_STANDARD"/>
    <property name="user.country" value="BY"/>
    <property name="sun.boot.library.path" value="/Library/Java/JavaVirtualMachines/jdk-14.jdk/Contents/Home/lib"/>
    <property name="sun.java.command" value="/Users/Yuliya_Dzmitrovich/IdeaProjects/yuliya_dzmitrovich_maven_at_project/target/surefire/surefirebooter10589997210732905645.jar /Users/Yuliya_Dzmitrovich/IdeaProjects/yuliya_dzmitrovich_maven_at_project/target/surefire 2021-08-15T12-49-37_194-jvmRun1 surefire4326205919801547286tmp surefire_09154016623060765713tmp"/>
    <property name="jdk.debug" value="release"/>
    <property name="surefire.test.class.path" value="/Users/Yuliya_Dzmitrovich/IdeaProjects/yuliya_dzmitrovich_maven_at_project/target/test-classes:/Users/Yuliya_Dzmitrovich/IdeaProjects/yuliya_dzmitrovich_maven_at_project/target/classes:/Users/Yuliya_Dzmitrovich/.m2/repository/org/apache/commons/commons-lang3/3.0/commons-lang3-3.0.jar:/Users/Yuliya_Dzmitrovich/.m2/repository/junit/junit/4.13.2/junit-4.13.2.jar:/Users/Yuliya_Dzmitrovich/.m2/repository/org/hamcrest/hamcrest-core/1.3/hamcrest-core-1.3.jar:/Users/Yuliya_Dzmitrovich/.m2/repository/org/seleniumhq/selenium/selenium-java/3.141.59/selenium-java-3.141.59.jar:/Users/Yuliya_Dzmitrovich/.m2/repository/org/seleniumhq/selenium/selenium-api/3.141.59/selenium-api-3.141.59.jar:/Users/Yuliya_Dzmitrovich/.m2/repository/org/seleniumhq/selenium/selenium-edge-driver/3.141.59/selenium-edge-driver-3.141.59.jar:/Users/Yuliya_Dzmitrovich/.m2/repository/org/seleniumhq/selenium/selenium-firefox-driver/3.141.59/selenium-firefox-driver-3.141.59.jar:/Users/Yuliya_Dzmitrovich/.m2/repository/org/seleniumhq/selenium/selenium-ie-driver/3.141.59/selenium-ie-driver-3.141.59.jar:/Users/Yuliya_Dzmitrovich/.m2/repository/org/seleniumhq/selenium/selenium-opera-driver/3.141.59/selenium-opera-driver-3.141.59.jar:/Users/Yuliya_Dzmitrovich/.m2/repository/org/seleniumhq/selenium/selenium-remote-driver/3.141.59/selenium-remote-driver-3.141.59.jar:/Users/Yuliya_Dzmitrovich/.m2/repository/org/seleniumhq/selenium/selenium-safari-driver/3.141.59/selenium-safari-driver-3.141.59.jar:/Users/Yuliya_Dzmitrovich/.m2/repository/org/seleniumhq/selenium/selenium-support/3.141.59/selenium-support-3.141.59.jar:/Users/Yuliya_Dzmitrovich/.m2/repository/net/bytebuddy/byte-buddy/1.8.15/byte-buddy-1.8.15.jar:/Users/Yuliya_Dzmitrovich/.m2/repository/org/apache/commons/commons-exec/1.3/commons-exec-1.3.jar:/Users/Yuliya_Dzmitrovich/.m2/repository/com/google/guava/guava/25.0-jre/guava-25.0-jre.jar:/Users/Yuliya_Dzmitrovich/.m2/repository/com/google/code/findbugs/jsr305/1.3.9/jsr305-1.3.9.jar:/Users/Yuliya_Dzmitrovich/.m2/repository/org/checkerframework/checker-compat-qual/2.0.0/checker-compat-qual-2.0.0.jar:/Users/Yuliya_Dzmitrovich/.m2/repository/com/google/errorprone/error_prone_annotations/2.1.3/error_prone_annotations-2.1.3.jar:/Users/Yuliya_Dzmitrovich/.m2/repository/com/google/j2objc/j2objc-annotations/1.1/j2objc-annotations-1.1.jar:/Users/Yuliya_Dzmitrovich/.m2/repository/org/codehaus/mojo/animal-sniffer-annotations/1.14/animal-sniffer-annotations-1.14.jar:/Users/Yuliya_Dzmitrovich/.m2/repository/com/squareup/okhttp3/okhttp/3.11.0/okhttp-3.11.0.jar:/Users/Yuliya_Dzmitrovich/.m2/repository/com/squareup/okio/okio/1.14.0/okio-1.14.0.jar:/Users/Yuliya_Dzmitrovich/.m2/repository/org/seleniumhq/selenium/selenium-server/3.141.59/selenium-server-3.141.59.jar:/Users/Yuliya_Dzmitrovich/.m2/repository/com/beust/jcommander/1.72/jcommander-1.72.jar:/Users/Yuliya_Dzmitrovich/.m2/repository/net/jcip/jcip-annotations/1.0/jcip-annotations-1.0.jar:/Users/Yuliya_Dzmitrovich/.m2/repository/org/seleniumhq/selenium/jetty-repacked/9.4.12.v20180830/jetty-repacked-9.4.12.v20180830.jar:/Users/Yuliya_Dzmitrovich/.m2/repository/javax/servlet/javax.servlet-api/3.1.0/javax.servlet-api-3.1.0.jar:/Users/Yuliya_Dzmitrovich/.m2/repository/org/yaml/snakeyaml/1.19/snakeyaml-1.19.jar:/Users/Yuliya_Dzmitrovich/.m2/repository/org/seleniumhq/selenium/selenium-chrome-driver/3.141.59/selenium-chrome-driver-3.141.59.jar:"/>
    <property name="sun.cpu.endian" value="little"/>
    <property name="user.home" value="/Users/Yuliya_Dzmitrovich"/>
    <property name="user.language" value="en"/>
    <property name="java.specification.vendor" value="Oracle Corporation"/>
    <property name="java.version.date" value="2020-03-17"/>
    <property name="java.home" value="/Library/Java/JavaVirtualMachines/jdk-14.jdk/Contents/Home"/>
    <property name="file.separator" value="/"/>
    <property name="basedir" value="/Users/Yuliya_Dzmitrovich/IdeaProjects/yuliya_dzmitrovich_maven_at_project"/>
    <property name="java.vm.compressedOopsMode" value="Zero based"/>
    <property name="line.separator" value="&#10;"/>
    <property name="java.vm.specification.vendor" value="Oracle Corporation"/>
    <property name="java.specification.name" value="Java Platform API Specification"/>
    <property name="surefire.real.class.path" value="/Users/Yuliya_Dzmitrovich/IdeaProjects/yuliya_dzmitrovich_maven_at_project/target/surefire/surefirebooter10589997210732905645.jar"/>
    <property name="BROWSER" value="CHROME"/>
    <property name="sun.management.compiler" value="HotSpot 64-Bit Tiered Compilers"/>
    <property name="java.runtime.version" value="14+36-1461"/>
    <property name="user.name" value="Yuliya_Dzmitrovich"/>
    <property name="path.separator" value=":"/>
    <property name="os.version" value="10.16"/>
    <property name="java.runtime.name" value="OpenJDK Runtime Environment"/>
    <property name="file.encoding" value="UTF-8"/>
    <property name="java.vm.name" value="OpenJDK 64-Bit Server VM"/>
    <property name="localRepository" value="/Users/Yuliya_Dzmitrovich/.m2/repository"/>
    <property name="java.vendor.url.bug" value="https://bugreport.java.com/bugreport/"/>
    <property name="java.io.tmpdir" value="/var/folders/wj/hbqbv5rj6635f_p2m36wg2sc0000gn/T/"/>
    <property name="idea.version" value="2021.1.1"/>
    <property name="java.version" value="14"/>
    <property name="user.dir" value="/Users/Yuliya_Dzmitrovich/IdeaProjects/yuliya_dzmitrovich_maven_at_project"/>
    <property name="os.arch" value="x86_64"/>
    <property name="java.vm.specification.name" value="Java Virtual Machine Specification"/>
    <property name="java.library.path" value="/Users/Yuliya_Dzmitrovich/Library/Java/Extensions:/Library/Java/Extensions:/Network/Library/Java/Extensions:/System/Library/Java/Extensions:/usr/lib/java:."/>
    <property name="java.vm.info" value="mixed mode, sharing"/>
    <property name="java.vendor" value="Oracle Corporation"/>
    <property name="java.vm.version" value="14+36-1461"/>
    <property name="sun.io.unicode.encoding" value="UnicodeBig"/>
    <property name="java.class.version" value="58.0"/>
  </properties>
  <testcase name="getBookTitleTest" classname="taf.TestClass" time="5.756"/>
  <testcase name="getDemoTitleTest" classname="taf.TestClass" time="3.616"/>
  <testcase name="getBookTitleTest" classname="taf.TestClassTwo" time="1.687"/>
  <testcase name="getDemoTitleTest" classname="taf.TestClassTwo" time="0.587"/>
</testsuite>