<?xml version="1.0" encoding="UTF-8"?>
<!-- Generated by org.testng.reporters.JUnitReportReporter -->
<testsuite hostname="EPBYMINW0C45" failures="0" tests="2" name="classWork.taf.TestClassTwoNg" time="8.918" errors="0" timestamp="15 Aug 2021 10:32:28 GMT">
  <testcase classname="classWork.taf.TestClassTwoNg" name="getBookTitleTest" time="5.795"/>
  <testcase classname="classWork.taf.TestClassTwoNg" name="getDemoTitleTest" time="3.123"/>
</testsuite> <!-- classWork.taf.TestClassTwoNg -->
