<?xml version="1.0" encoding="UTF-8"?>
<!-- Generated by org.testng.reporters.JUnitReportReporter -->
<testsuite hostname="EPBYMINW0C45" failures="0" tests="2" name="classWork.taf.TestClassNg" time="8.914" errors="0" timestamp="15 Aug 2021 10:32:28 GMT">
  <testcase classname="classWork.taf.TestClassNg" name="getBookTitleTest" time="5.792"/>
  <testcase classname="classWork.taf.TestClassNg" name="getDemoTitleTest" time="3.122"/>
</testsuite> <!-- classWork.taf.TestClassNg -->
